c:\users\luke\desktop\year 2 work improved\finalcoursework\p1322187xfinal\p1322187xfinal\debug\vc120.pdb
c:\users\luke\desktop\year 2 work improved\finalcoursework\p1322187xfinal\p1322187xfinal\debug\vc120.idb
c:\users\luke\desktop\year 2 work improved\finalcoursework\p1322187xfinal\p1322187xfinal\debug\aabb.obj
c:\users\luke\desktop\year 2 work improved\finalcoursework\p1322187xfinal\p1322187xfinal\debug\background.obj
c:\users\luke\desktop\year 2 work improved\finalcoursework\p1322187xfinal\p1322187xfinal\debug\car.obj
c:\users\luke\desktop\year 2 work improved\finalcoursework\p1322187xfinal\p1322187xfinal\debug\game.obj
c:\users\luke\desktop\year 2 work improved\finalcoursework\p1322187xfinal\p1322187xfinal\debug\hud.obj
c:\users\luke\desktop\year 2 work improved\finalcoursework\p1322187xfinal\p1322187xfinal\debug\main.obj
c:\users\luke\desktop\year 2 work improved\finalcoursework\p1322187xfinal\p1322187xfinal\debug\textureloader.obj
c:\users\luke\desktop\year 2 work improved\finalcoursework\p1322187xfinal\p1322187xfinal\debug\tyre.obj
c:\users\luke\desktop\year 2 work improved\finalcoursework\p1322187xfinal\debug\p1322187xfinal.pdb
c:\users\luke\desktop\year 2 work improved\finalcoursework\p1322187xfinal\p1322187xfinal\debug\p1322187xfinal.tlog\cl.command.1.tlog
c:\users\luke\desktop\year 2 work improved\finalcoursework\p1322187xfinal\p1322187xfinal\debug\p1322187xfinal.tlog\cl.read.1.tlog
c:\users\luke\desktop\year 2 work improved\finalcoursework\p1322187xfinal\p1322187xfinal\debug\p1322187xfinal.tlog\cl.write.1.tlog
c:\users\luke\desktop\year 2 work improved\finalcoursework\p1322187xfinal\p1322187xfinal\debug\p1322187xfinal.tlog\link-cvtres.read.1.tlog
c:\users\luke\desktop\year 2 work improved\finalcoursework\p1322187xfinal\p1322187xfinal\debug\p1322187xfinal.tlog\link-cvtres.write.1.tlog
c:\users\luke\desktop\year 2 work improved\finalcoursework\p1322187xfinal\p1322187xfinal\debug\p1322187xfinal.tlog\link-rc.read.1.tlog
c:\users\luke\desktop\year 2 work improved\finalcoursework\p1322187xfinal\p1322187xfinal\debug\p1322187xfinal.tlog\link-rc.write.1.tlog
c:\users\luke\desktop\year 2 work improved\finalcoursework\p1322187xfinal\p1322187xfinal\debug\p1322187xfinal.tlog\link.command.1.tlog
c:\users\luke\desktop\year 2 work improved\finalcoursework\p1322187xfinal\p1322187xfinal\debug\p1322187xfinal.tlog\link.read.1.tlog
c:\users\luke\desktop\year 2 work improved\finalcoursework\p1322187xfinal\p1322187xfinal\debug\p1322187xfinal.tlog\link.write.1.tlog
