Build started 15/02/2017 15:24:39.
     1>Project "C:\Users\Luke\Desktop\Year 2 Work Improved\finalcoursework\P1322187xFinal\P1322187xFinal\P1322187xFinal.vcxproj" on node 2 (Build target(s)).
     1>ClCompile:
         C:\Program Files (x86)\Microsoft Visual Studio 12.0\VC\bin\CL.exe /c /ZI /nologo /W3 /WX- /sdl /Od /Oy- /D _MBCS /Gm /EHsc /RTC1 /MDd /GS /fp:precise /Zc:wchar_t /Zc:forScope /Fo"Debug\\" /Fd"Debug\vc120.pdb" /Gd /TP /analyze- /errorReport:prompt src\car.cpp
         car.cpp
     1>c:\users\luke\desktop\year 2 work improved\finalcoursework\p1322187xfinal\p1322187xfinal\src\car.cpp(53): warning C4305: '=' : truncation from 'double' to 'float'
     1>c:\users\luke\desktop\year 2 work improved\finalcoursework\p1322187xfinal\p1322187xfinal\src\car.cpp(190): warning C4244: 'argument' : conversion from 'int' to 'float', possible loss of data
     1>c:\users\luke\desktop\year 2 work improved\finalcoursework\p1322187xfinal\p1322187xfinal\src\car.cpp(195): warning C4244: 'argument' : conversion from 'int' to 'float', possible loss of data
     1>c:\users\luke\desktop\year 2 work improved\finalcoursework\p1322187xfinal\p1322187xfinal\src\car.cpp(221): warning C4244: '+=' : conversion from 'float' to 'int', possible loss of data
     1>c:\users\luke\desktop\year 2 work improved\finalcoursework\p1322187xfinal\p1322187xfinal\src\car.cpp(270): warning C4244: '-=' : conversion from 'float' to 'int', possible loss of data
     1>c:\users\luke\desktop\year 2 work improved\finalcoursework\p1322187xfinal\p1322187xfinal\src\car.cpp(351): warning C4305: 'argument' : truncation from 'double' to 'float'
     1>c:\users\luke\desktop\year 2 work improved\finalcoursework\p1322187xfinal\p1322187xfinal\src\car.cpp(356): warning C4244: '=' : conversion from 'double' to 'float', possible loss of data
     1>c:\users\luke\desktop\year 2 work improved\finalcoursework\p1322187xfinal\p1322187xfinal\src\car.cpp(360): warning C4244: '=' : conversion from 'double' to 'float', possible loss of data
     1>c:\users\luke\desktop\year 2 work improved\finalcoursework\p1322187xfinal\p1322187xfinal\src\car.cpp(364): warning C4244: '=' : conversion from 'double' to 'float', possible loss of data
     1>c:\users\luke\desktop\year 2 work improved\finalcoursework\p1322187xfinal\p1322187xfinal\src\car.cpp(368): warning C4244: '=' : conversion from 'double' to 'float', possible loss of data
       Link:
         C:\Program Files (x86)\Microsoft Visual Studio 12.0\VC\bin\link.exe /ERRORREPORT:PROMPT /OUT:"C:\Users\Luke\Desktop\Year 2 Work Improved\finalcoursework\P1322187xFinal\Debug\P1322187xFinal.exe" /INCREMENTAL /NOLOGO "sfml-main-d.lib" "sfml-system-d.lib" "sfml-graphics-d.lib" "sfml-window-d.lib" kernel32.lib user32.lib gdi32.lib winspool.lib comdlg32.lib advapi32.lib shell32.lib ole32.lib oleaut32.lib uuid.lib odbc32.lib odbccp32.lib /MANIFEST /MANIFESTUAC:"level='asInvoker' uiAccess='false'" /manifest:embed /DEBUG /PDB:"C:\Users\Luke\Desktop\Year 2 Work Improved\finalcoursework\P1322187xFinal\Debug\P1322187xFinal.pdb" /TLBID:1 /DYNAMICBASE /NXCOMPAT /IMPLIB:"C:\Users\Luke\Desktop\Year 2 Work Improved\finalcoursework\P1322187xFinal\Debug\P1322187xFinal.lib" /MACHINE:X86 Debug\AABB.obj
         Debug\background.obj
         Debug\car.obj
         Debug\game.obj
         Debug\HUD.obj
         Debug\main.obj
         Debug\TextureLoader.obj
         Debug\tyre.obj
         P1322187xFinal.vcxproj -> C:\Users\Luke\Desktop\Year 2 Work Improved\finalcoursework\P1322187xFinal\Debug\P1322187xFinal.exe
     1>Done Building Project "C:\Users\Luke\Desktop\Year 2 Work Improved\finalcoursework\P1322187xFinal\P1322187xFinal\P1322187xFinal.vcxproj" (Build target(s)).

Build succeeded.

Time Elapsed 00:00:00.56
