Build started 15/02/2017 15:38:19.
     1>Project "C:\Users\Luke\Desktop\Year 2 Work Improved\finalcoursework\P1322187xFinal\P1322187xFinal\P1322187xFinal.vcxproj" on node 2 (Build target(s)).
     1>ClCompile:
         C:\Program Files (x86)\Microsoft Visual Studio 12.0\VC\bin\CL.exe /c /Zi /nologo /W3 /WX- /sdl /O2 /Oi /Oy- /GL /D _MBCS /Gm- /EHsc /MD /GS /Gy /fp:precise /Zc:wchar_t /Zc:forScope /Fo"Release\\" /Fd"Release\vc120.pdb" /Gd /TP /analyze- /errorReport:prompt src\HUD.cpp src\car.cpp src\game.cpp src\main.cpp
         HUD.cpp
         car.cpp
     1>src\car.cpp(53): warning C4305: '=' : truncation from 'double' to 'float'
     1>src\car.cpp(190): warning C4244: 'argument' : conversion from 'int' to 'float', possible loss of data
     1>src\car.cpp(195): warning C4244: 'argument' : conversion from 'int' to 'float', possible loss of data
     1>src\car.cpp(221): warning C4244: '+=' : conversion from 'float' to 'int', possible loss of data
     1>src\car.cpp(270): warning C4244: '-=' : conversion from 'float' to 'int', possible loss of data
     1>src\car.cpp(351): warning C4305: 'argument' : truncation from 'double' to 'float'
     1>src\car.cpp(356): warning C4244: '=' : conversion from 'double' to 'float', possible loss of data
     1>src\car.cpp(360): warning C4244: '=' : conversion from 'double' to 'float', possible loss of data
     1>src\car.cpp(364): warning C4244: '=' : conversion from 'double' to 'float', possible loss of data
     1>src\car.cpp(368): warning C4244: '=' : conversion from 'double' to 'float', possible loss of data
         game.cpp
     1>src\game.cpp(87): warning C4305: 'argument' : truncation from 'double' to 'float'
     1>src\game.cpp(119): warning C4018: '<' : signed/unsigned mismatch
     1>src\game.cpp(142): warning C4305: 'argument' : truncation from 'double' to 'float'
     1>src\game.cpp(154): warning C4305: 'argument' : truncation from 'double' to 'float'
     1>src\game.cpp(169): warning C4018: '<' : signed/unsigned mismatch
     1>src\game.cpp(183): warning C4018: '<' : signed/unsigned mismatch
     1>src\game.cpp(189): warning C4018: '<' : signed/unsigned mismatch
     1>src\game.cpp(193): warning C4018: '<' : signed/unsigned mismatch
         main.cpp
       Link:
         C:\Program Files (x86)\Microsoft Visual Studio 12.0\VC\bin\link.exe /ERRORREPORT:PROMPT /OUT:"C:\Users\Luke\Desktop\Year 2 Work Improved\finalcoursework\P1322187xFinal\Release\P1322187xFinal.exe" /NOLOGO "sfml-main-d.lib" "sfml-system-d.lib" "sfml-graphics-d.lib" "sfml-window-d.lib" kernel32.lib user32.lib gdi32.lib winspool.lib comdlg32.lib advapi32.lib shell32.lib ole32.lib oleaut32.lib uuid.lib odbc32.lib odbccp32.lib kernel32.lib user32.lib gdi32.lib winspool.lib comdlg32.lib advapi32.lib shell32.lib ole32.lib oleaut32.lib uuid.lib odbc32.lib odbccp32.lib /MANIFEST /MANIFESTUAC:"level='asInvoker' uiAccess='false'" /manifest:embed /DEBUG /PDB:"C:\Users\Luke\Desktop\Year 2 Work Improved\finalcoursework\P1322187xFinal\Release\P1322187xFinal.pdb" /OPT:REF /OPT:ICF /LTCG /TLBID:1 /DYNAMICBASE /NXCOMPAT /IMPLIB:"C:\Users\Luke\Desktop\Year 2 Work Improved\finalcoursework\P1322187xFinal\Release\P1322187xFinal.lib" /MACHINE:X86 /SAFESEH Release\AABB.obj
         Release\background.obj
         Release\car.obj
         Release\game.obj
         Release\HUD.obj
         Release\main.obj
         Release\TextureLoader.obj
         Release\tyre.obj
         Generating code
         Finished generating code
         P1322187xFinal.vcxproj -> C:\Users\Luke\Desktop\Year 2 Work Improved\finalcoursework\P1322187xFinal\Release\P1322187xFinal.exe
     1>Done Building Project "C:\Users\Luke\Desktop\Year 2 Work Improved\finalcoursework\P1322187xFinal\P1322187xFinal\P1322187xFinal.vcxproj" (Build target(s)).

Build succeeded.

Time Elapsed 00:00:02.03
